<?xml version="1.0" encoding="UTF-8"?>
<!-- Generated by org.testng.reporters.JUnitXMLReporter -->
<testsuite ignored="0" hostname="PriyasPC" failures="0" tests="3" name="Default test" time="17.561" errors="0" timestamp="2025-06-05T05:53:04 IST">
  <testcase classname="com.testng.DataProviderEx" name="loginvalidate" time="8.918"/>
  <testcase classname="com.testng.DataProviderEx" name="loginvalidate" time="4.294"/>
  <testcase classname="com.testng.DataProviderEx" name="loginvalidate" time="3.869"/>
</testsuite> <!-- Default test -->
