<?xml version="1.0" encoding="UTF-8"?>
<!-- Generated by org.testng.reporters.JUnitXMLReporter -->
<testsuite ignored="0" hostname="PriyasPC" failures="0" tests="12" name="Test" time="0.094" errors="0" timestamp="2025-06-02T16:55:14 IST">
  <testcase classname="com.testng.Testng1" name="user" time="0.011"/>
  <testcase classname="com.testng.Testng1" name="pass" time="0.001"/>
  <testcase classname="com.testng.Testng1" name="login" time="0.001"/>
  <testcase classname="com.testng.Testng1" name="login" time="0.002"/>
  <testcase classname="com.testng.Testng1" name="login" time="0.002"/>
  <testcase classname="com.testng.Testng1" name="login" time="0.001"/>
  <testcase classname="com.testng.Testng1" name="login" time="0.001"/>
  <testcase classname="com.testng.Testng1" name="login" time="0.001"/>
  <testcase classname="com.testng.Testng1" name="login" time="0.0"/>
  <testcase classname="com.testng.Testng1" name="login" time="0.001"/>
  <testcase classname="com.testng.Testng1" name="login" time="0.0"/>
  <testcase classname="com.testng.Testng1" name="login" time="0.001"/>
</testsuite> <!-- Test -->
