<?xml version="1.0" encoding="UTF-8"?>
<testng-results ignored="0" total="3" passed="3" failed="0" skipped="0">
  <reporter-output>
  </reporter-output>
  <suite started-at="2025-06-05T05:52:47 IST" name="Default suite" finished-at="2025-06-05T05:53:04 IST" duration-ms="17561">
    <groups>
    </groups>
    <test started-at="2025-06-05T05:52:47 IST" name="Default test" finished-at="2025-06-05T05:53:04 IST" duration-ms="17561">
      <class name="com.testng.DataProviderEx">
        <test-method signature="loginvalidate(java.lang.String,java.lang.String)[pri:0, instance:com.testng.DataProviderEx@4802796d]" started-at="2025-06-05T05:52:47 IST" name="loginvalidate" data-provider="credential" finished-at="2025-06-05T05:52:56 IST" duration-ms="8918" status="PASS">
          <params>
            <param index="0">
              <value>
                <![CDATA[lavanya@gmail.com]]>
              </value>
            </param>
            <param index="1">
              <value>
                <![CDATA[lavanya123]]>
              </value>
            </param>
          </params>
          <reporter-output>
          </reporter-output>
        </test-method> <!-- loginvalidate -->
        <test-method signature="loginvalidate(java.lang.String,java.lang.String)[pri:0, instance:com.testng.DataProviderEx@4802796d]" started-at="2025-06-05T05:52:56 IST" name="loginvalidate" data-provider="credential" finished-at="2025-06-05T05:53:00 IST" duration-ms="4294" status="PASS">
          <params>
            <param index="0">
              <value>
                <![CDATA[evanglin@gmail.com]]>
              </value>
            </param>
            <param index="1">
              <value>
                <![CDATA[evanglin123]]>
              </value>
            </param>
          </params>
          <reporter-output>
          </reporter-output>
        </test-method> <!-- loginvalidate -->
        <test-method signature="loginvalidate(java.lang.String,java.lang.String)[pri:0, instance:com.testng.DataProviderEx@4802796d]" started-at="2025-06-05T05:53:00 IST" name="loginvalidate" data-provider="credential" finished-at="2025-06-05T05:53:04 IST" duration-ms="3869" status="PASS">
          <params>
            <param index="0">
              <value>
                <![CDATA[bharathi@gmail.com]]>
              </value>
            </param>
            <param index="1">
              <value>
                <![CDATA[bharathi123]]>
              </value>
            </param>
          </params>
          <reporter-output>
          </reporter-output>
        </test-method> <!-- loginvalidate -->
      </class> <!-- com.testng.DataProviderEx -->
    </test> <!-- Default test -->
  </suite> <!-- Default suite -->
</testng-results>
